<?xml version="1.0" encoding="UTF-8"?>
<!-- Generated by org.testng.reporters.JUnitReportReporter -->
<testsuite hostname="juanda-VivoBook-ASUSLaptop-X512FJ-X512FJ" failures="0" tests="1" name="launchTest.empresarial.web.LogueoPyme" time="2.002" errors="0" timestamp="2021-03-30T14:42:54 COT" skipped="0">
  <testcase classname="launchTest.empresarial.web.LogueoPyme" name="DXCExec" time="2.002"/>
  <system-out/>
</testsuite> <!-- launchTest.empresarial.web.LogueoPyme -->
