<?xml version="1.0" encoding="UTF-8"?>
<!-- Generated by org.testng.reporters.JUnitReportReporter -->
<testsuite skipped="0" hostname="7020761SANZEACG" name="launchTest.empresarial.web.LogueoPyme" tests="1" failures="0" timestamp="2020-09-25T10:50:00 GMT-05:00" time="51.279" errors="0">
  <testcase name="DXCExec" time="51.279" classname="launchTest.empresarial.web.LogueoPyme"/>
  <system-out/>
</testsuite> <!-- launchTest.empresarial.web.LogueoPyme -->
